[2022-02-02 05:13:46] local.ERROR: Class "Database\Seeders\Article" not found {"exception":"[object] (Error(code: 0): Class \"Database\\Seeders\\Article\" not found at C:\\Users\\USER\\Desktop\\LaravelTasklist\\LaravelRestAPI\\myapp\\database\\seeders\\ArticlesTableSeeder.php:17)
[stacktrace]
#0 C:\\Users\\USER\\Desktop\\LaravelTasklist\\LaravelRestAPI\\myapp\\vendor\\laravel\\framework\\src\\Illuminate\\Container\\BoundMethod.php(36): Database\\Seeders\\ArticlesTableSeeder->run()
#1 C:\\Users\\USER\\Desktop\\LaravelTasklist\\LaravelRestAPI\\myapp\\vendor\\laravel\\framework\\src\\Illuminate\\Container\\Util.php(40): Illuminate\\Container\\BoundMethod::Illuminate\\Container\\{closure}()
#2 C:\\Users\\USER\\Desktop\\LaravelTasklist\\LaravelRestAPI\\myapp\\vendor\\laravel\\framework\\src\\Illuminate\\Container\\BoundMethod.php(93): Illuminate\\Container\\Util::unwrapIfClosure(Object(Closure))
#3 C:\\Users\\USER\\Desktop\\LaravelTasklist\\LaravelRestAPI\\myapp\\vendor\\laravel\\framework\\src\\Illuminate\\Container\\BoundMethod.php(37): Illuminate\\Container\\BoundMethod::callBoundMethod(Object(Illuminate\\Foundation\\Application), Array, Object(Closure))
#4 C:\\Users\\USER\\Desktop\\LaravelTasklist\\LaravelRestAPI\\myapp\\vendor\\laravel\\framework\\src\\Illuminate\\Container\\Container.php(653): Illuminate\\Container\\BoundMethod::call(Object(Illuminate\\Foundation\\Application), Array, Array, NULL)
#5 C:\\Users\\USER\\Desktop\\LaravelTasklist\\LaravelRestAPI\\myapp\\vendor\\laravel\\framework\\src\\Illuminate\\Database\\Seeder.php(149): Illuminate\\Container\\Container->call(Array, Array)
#6 C:\\Users\\USER\\Desktop\\LaravelTasklist\\LaravelRestAPI\\myapp\\vendor\\laravel\\framework\\src\\Illuminate\\Database\\Console\\Seeds\\SeedCommand.php(66): Illuminate\\Database\\Seeder->__invoke()
#7 C:\\Users\\USER\\Desktop\\LaravelTasklist\\LaravelRestAPI\\myapp\\vendor\\laravel\\framework\\src\\Illuminate\\Database\\Eloquent\\Concerns\\GuardsAttributes.php(157): Illuminate\\Database\\Console\\Seeds\\SeedCommand->Illuminate\\Database\\Console\\Seeds\\{closure}()
#8 C:\\Users\\USER\\Desktop\\LaravelTasklist\\LaravelRestAPI\\myapp\\vendor\\laravel\\framework\\src\\Illuminate\\Database\\Console\\Seeds\\SeedCommand.php(67): Illuminate\\Database\\Eloquent\\Model::unguarded(Object(Closure))
#9 C:\\Users\\USER\\Desktop\\LaravelTasklist\\LaravelRestAPI\\myapp\\vendor\\laravel\\framework\\src\\Illuminate\\Container\\BoundMethod.php(36): Illuminate\\Database\\Console\\Seeds\\SeedCommand->handle()
#10 C:\\Users\\USER\\Desktop\\LaravelTasklist\\LaravelRestAPI\\myapp\\vendor\\laravel\\framework\\src\\Illuminate\\Container\\Util.php(40): Illuminate\\Container\\BoundMethod::Illuminate\\Container\\{closure}()
#11 C:\\Users\\USER\\Desktop\\LaravelTasklist\\LaravelRestAPI\\myapp\\vendor\\laravel\\framework\\src\\Illuminate\\Container\\BoundMethod.php(93): Illuminate\\Container\\Util::unwrapIfClosure(Object(Closure))
#12 C:\\Users\\USER\\Desktop\\LaravelTasklist\\LaravelRestAPI\\myapp\\vendor\\laravel\\framework\\src\\Illuminate\\Container\\BoundMethod.php(37): Illuminate\\Container\\BoundMethod::callBoundMethod(Object(Illuminate\\Foundation\\Application), Array, Object(Closure))
#13 C:\\Users\\USER\\Desktop\\LaravelTasklist\\LaravelRestAPI\\myapp\\vendor\\laravel\\framework\\src\\Illuminate\\Container\\Container.php(653): Illuminate\\Container\\BoundMethod::call(Object(Illuminate\\Foundation\\Application), Array, Array, NULL)
#14 C:\\Users\\USER\\Desktop\\LaravelTasklist\\LaravelRestAPI\\myapp\\vendor\\laravel\\framework\\src\\Illuminate\\Console\\Command.php(136): Illuminate\\Container\\Container->call(Array)
#15 C:\\Users\\USER\\Desktop\\LaravelTasklist\\LaravelRestAPI\\myapp\\vendor\\symfony\\console\\Command\\Command.php(298): Illuminate\\Console\\Command->execute(Object(Symfony\\Component\\Console\\Input\\ArgvInput), Object(Illuminate\\Console\\OutputStyle))
#16 C:\\Users\\USER\\Desktop\\LaravelTasklist\\LaravelRestAPI\\myapp\\vendor\\laravel\\framework\\src\\Illuminate\\Console\\Command.php(121): Symfony\\Component\\Console\\Command\\Command->run(Object(Symfony\\Component\\Console\\Input\\ArgvInput), Object(Illuminate\\Console\\OutputStyle))
#17 C:\\Users\\USER\\Desktop\\LaravelTasklist\\LaravelRestAPI\\myapp\\vendor\\symfony\\console\\Application.php(1015): Illuminate\\Console\\Command->run(Object(Symfony\\Component\\Console\\Input\\ArgvInput), Object(Symfony\\Component\\Console\\Output\\ConsoleOutput))
#18 C:\\Users\\USER\\Desktop\\LaravelTasklist\\LaravelRestAPI\\myapp\\vendor\\symfony\\console\\Application.php(299): Symfony\\Component\\Console\\Application->doRunCommand(Object(Illuminate\\Database\\Console\\Seeds\\SeedCommand), Object(Symfony\\Component\\Console\\Input\\ArgvInput), Object(Symfony\\Component\\Console\\Output\\ConsoleOutput))
#19 C:\\Users\\USER\\Desktop\\LaravelTasklist\\LaravelRestAPI\\myapp\\vendor\\symfony\\console\\Application.php(171): Symfony\\Component\\Console\\Application->doRun(Object(Symfony\\Component\\Console\\Input\\ArgvInput), Object(Symfony\\Component\\Console\\Output\\ConsoleOutput))
#20 C:\\Users\\USER\\Desktop\\LaravelTasklist\\LaravelRestAPI\\myapp\\vendor\\laravel\\framework\\src\\Illuminate\\Console\\Application.php(94): Symfony\\Component\\Console\\Application->run(Object(Symfony\\Component\\Console\\Input\\ArgvInput), Object(Symfony\\Component\\Console\\Output\\ConsoleOutput))
#21 C:\\Users\\USER\\Desktop\\LaravelTasklist\\LaravelRestAPI\\myapp\\vendor\\laravel\\framework\\src\\Illuminate\\Foundation\\Console\\Kernel.php(129): Illuminate\\Console\\Application->run(Object(Symfony\\Component\\Console\\Input\\ArgvInput), Object(Symfony\\Component\\Console\\Output\\ConsoleOutput))
#22 C:\\Users\\USER\\Desktop\\LaravelTasklist\\LaravelRestAPI\\myapp\\artisan(37): Illuminate\\Foundation\\Console\\Kernel->handle(Object(Symfony\\Component\\Console\\Input\\ArgvInput), Object(Symfony\\Component\\Console\\Output\\ConsoleOutput))
#23 {main}
"} 
[2022-02-02 05:17:59] local.ERROR: Class "Database\Seeders\Article" not found {"exception":"[object] (Error(code: 0): Class \"Database\\Seeders\\Article\" not found at C:\\Users\\USER\\Desktop\\LaravelTasklist\\LaravelRestAPI\\myapp\\database\\seeders\\ArticlesTableSeeder.php:17)
[stacktrace]
#0 C:\\Users\\USER\\Desktop\\LaravelTasklist\\LaravelRestAPI\\myapp\\vendor\\laravel\\framework\\src\\Illuminate\\Container\\BoundMethod.php(36): Database\\Seeders\\ArticlesTableSeeder->run()
#1 C:\\Users\\USER\\Desktop\\LaravelTasklist\\LaravelRestAPI\\myapp\\vendor\\laravel\\framework\\src\\Illuminate\\Container\\Util.php(40): Illuminate\\Container\\BoundMethod::Illuminate\\Container\\{closure}()
#2 C:\\Users\\USER\\Desktop\\LaravelTasklist\\LaravelRestAPI\\myapp\\vendor\\laravel\\framework\\src\\Illuminate\\Container\\BoundMethod.php(93): Illuminate\\Container\\Util::unwrapIfClosure(Object(Closure))
#3 C:\\Users\\USER\\Desktop\\LaravelTasklist\\LaravelRestAPI\\myapp\\vendor\\laravel\\framework\\src\\Illuminate\\Container\\BoundMethod.php(37): Illuminate\\Container\\BoundMethod::callBoundMethod(Object(Illuminate\\Foundation\\Application), Array, Object(Closure))
#4 C:\\Users\\USER\\Desktop\\LaravelTasklist\\LaravelRestAPI\\myapp\\vendor\\laravel\\framework\\src\\Illuminate\\Container\\Container.php(653): Illuminate\\Container\\BoundMethod::call(Object(Illuminate\\Foundation\\Application), Array, Array, NULL)
#5 C:\\Users\\USER\\Desktop\\LaravelTasklist\\LaravelRestAPI\\myapp\\vendor\\laravel\\framework\\src\\Illuminate\\Database\\Seeder.php(149): Illuminate\\Container\\Container->call(Array, Array)
#6 C:\\Users\\USER\\Desktop\\LaravelTasklist\\LaravelRestAPI\\myapp\\vendor\\laravel\\framework\\src\\Illuminate\\Database\\Console\\Seeds\\SeedCommand.php(66): Illuminate\\Database\\Seeder->__invoke()
#7 C:\\Users\\USER\\Desktop\\LaravelTasklist\\LaravelRestAPI\\myapp\\vendor\\laravel\\framework\\src\\Illuminate\\Database\\Eloquent\\Concerns\\GuardsAttributes.php(157): Illuminate\\Database\\Console\\Seeds\\SeedCommand->Illuminate\\Database\\Console\\Seeds\\{closure}()
#8 C:\\Users\\USER\\Desktop\\LaravelTasklist\\LaravelRestAPI\\myapp\\vendor\\laravel\\framework\\src\\Illuminate\\Database\\Console\\Seeds\\SeedCommand.php(67): Illuminate\\Database\\Eloquent\\Model::unguarded(Object(Closure))
#9 C:\\Users\\USER\\Desktop\\LaravelTasklist\\LaravelRestAPI\\myapp\\vendor\\laravel\\framework\\src\\Illuminate\\Container\\BoundMethod.php(36): Illuminate\\Database\\Console\\Seeds\\SeedCommand->handle()
#10 C:\\Users\\USER\\Desktop\\LaravelTasklist\\LaravelRestAPI\\myapp\\vendor\\laravel\\framework\\src\\Illuminate\\Container\\Util.php(40): Illuminate\\Container\\BoundMethod::Illuminate\\Container\\{closure}()
#11 C:\\Users\\USER\\Desktop\\LaravelTasklist\\LaravelRestAPI\\myapp\\vendor\\laravel\\framework\\src\\Illuminate\\Container\\BoundMethod.php(93): Illuminate\\Container\\Util::unwrapIfClosure(Object(Closure))
#12 C:\\Users\\USER\\Desktop\\LaravelTasklist\\LaravelRestAPI\\myapp\\vendor\\laravel\\framework\\src\\Illuminate\\Container\\BoundMethod.php(37): Illuminate\\Container\\BoundMethod::callBoundMethod(Object(Illuminate\\Foundation\\Application), Array, Object(Closure))
#13 C:\\Users\\USER\\Desktop\\LaravelTasklist\\LaravelRestAPI\\myapp\\vendor\\laravel\\framework\\src\\Illuminate\\Container\\Container.php(653): Illuminate\\Container\\BoundMethod::call(Object(Illuminate\\Foundation\\Application), Array, Array, NULL)
#14 C:\\Users\\USER\\Desktop\\LaravelTasklist\\LaravelRestAPI\\myapp\\vendor\\laravel\\framework\\src\\Illuminate\\Console\\Command.php(136): Illuminate\\Container\\Container->call(Array)
#15 C:\\Users\\USER\\Desktop\\LaravelTasklist\\LaravelRestAPI\\myapp\\vendor\\symfony\\console\\Command\\Command.php(298): Illuminate\\Console\\Command->execute(Object(Symfony\\Component\\Console\\Input\\ArgvInput), Object(Illuminate\\Console\\OutputStyle))
#16 C:\\Users\\USER\\Desktop\\LaravelTasklist\\LaravelRestAPI\\myapp\\vendor\\laravel\\framework\\src\\Illuminate\\Console\\Command.php(121): Symfony\\Component\\Console\\Command\\Command->run(Object(Symfony\\Component\\Console\\Input\\ArgvInput), Object(Illuminate\\Console\\OutputStyle))
#17 C:\\Users\\USER\\Desktop\\LaravelTasklist\\LaravelRestAPI\\myapp\\vendor\\symfony\\console\\Application.php(1015): Illuminate\\Console\\Command->run(Object(Symfony\\Component\\Console\\Input\\ArgvInput), Object(Symfony\\Component\\Console\\Output\\ConsoleOutput))
#18 C:\\Users\\USER\\Desktop\\LaravelTasklist\\LaravelRestAPI\\myapp\\vendor\\symfony\\console\\Application.php(299): Symfony\\Component\\Console\\Application->doRunCommand(Object(Illuminate\\Database\\Console\\Seeds\\SeedCommand), Object(Symfony\\Component\\Console\\Input\\ArgvInput), Object(Symfony\\Component\\Console\\Output\\ConsoleOutput))
#19 C:\\Users\\USER\\Desktop\\LaravelTasklist\\LaravelRestAPI\\myapp\\vendor\\symfony\\console\\Application.php(171): Symfony\\Component\\Console\\Application->doRun(Object(Symfony\\Component\\Console\\Input\\ArgvInput), Object(Symfony\\Component\\Console\\Output\\ConsoleOutput))
#20 C:\\Users\\USER\\Desktop\\LaravelTasklist\\LaravelRestAPI\\myapp\\vendor\\laravel\\framework\\src\\Illuminate\\Console\\Application.php(94): Symfony\\Component\\Console\\Application->run(Object(Symfony\\Component\\Console\\Input\\ArgvInput), Object(Symfony\\Component\\Console\\Output\\ConsoleOutput))
#21 C:\\Users\\USER\\Desktop\\LaravelTasklist\\LaravelRestAPI\\myapp\\vendor\\laravel\\framework\\src\\Illuminate\\Foundation\\Console\\Kernel.php(129): Illuminate\\Console\\Application->run(Object(Symfony\\Component\\Console\\Input\\ArgvInput), Object(Symfony\\Component\\Console\\Output\\ConsoleOutput))
#22 C:\\Users\\USER\\Desktop\\LaravelTasklist\\LaravelRestAPI\\myapp\\artisan(37): Illuminate\\Foundation\\Console\\Kernel->handle(Object(Symfony\\Component\\Console\\Input\\ArgvInput), Object(Symfony\\Component\\Console\\Output\\ConsoleOutput))
#23 {main}
"} 
[2022-02-02 05:20:11] local.ERROR: Class "Database\Seeders\Article" not found {"exception":"[object] (Error(code: 0): Class \"Database\\Seeders\\Article\" not found at C:\\Users\\USER\\Desktop\\LaravelTasklist\\LaravelRestAPI\\myapp\\database\\seeders\\ArticlesTableSeeder.php:17)
[stacktrace]
#0 C:\\Users\\USER\\Desktop\\LaravelTasklist\\LaravelRestAPI\\myapp\\vendor\\laravel\\framework\\src\\Illuminate\\Container\\BoundMethod.php(36): Database\\Seeders\\ArticlesTableSeeder->run()
#1 C:\\Users\\USER\\Desktop\\LaravelTasklist\\LaravelRestAPI\\myapp\\vendor\\laravel\\framework\\src\\Illuminate\\Container\\Util.php(40): Illuminate\\Container\\BoundMethod::Illuminate\\Container\\{closure}()
#2 C:\\Users\\USER\\Desktop\\LaravelTasklist\\LaravelRestAPI\\myapp\\vendor\\laravel\\framework\\src\\Illuminate\\Container\\BoundMethod.php(93): Illuminate\\Container\\Util::unwrapIfClosure(Object(Closure))
#3 C:\\Users\\USER\\Desktop\\LaravelTasklist\\LaravelRestAPI\\myapp\\vendor\\laravel\\framework\\src\\Illuminate\\Container\\BoundMethod.php(37): Illuminate\\Container\\BoundMethod::callBoundMethod(Object(Illuminate\\Foundation\\Application), Array, Object(Closure))
#4 C:\\Users\\USER\\Desktop\\LaravelTasklist\\LaravelRestAPI\\myapp\\vendor\\laravel\\framework\\src\\Illuminate\\Container\\Container.php(653): Illuminate\\Container\\BoundMethod::call(Object(Illuminate\\Foundation\\Application), Array, Array, NULL)
#5 C:\\Users\\USER\\Desktop\\LaravelTasklist\\LaravelRestAPI\\myapp\\vendor\\laravel\\framework\\src\\Illuminate\\Database\\Seeder.php(149): Illuminate\\Container\\Container->call(Array, Array)
#6 C:\\Users\\USER\\Desktop\\LaravelTasklist\\LaravelRestAPI\\myapp\\vendor\\laravel\\framework\\src\\Illuminate\\Database\\Console\\Seeds\\SeedCommand.php(66): Illuminate\\Database\\Seeder->__invoke()
#7 C:\\Users\\USER\\Desktop\\LaravelTasklist\\LaravelRestAPI\\myapp\\vendor\\laravel\\framework\\src\\Illuminate\\Database\\Eloquent\\Concerns\\GuardsAttributes.php(157): Illuminate\\Database\\Console\\Seeds\\SeedCommand->Illuminate\\Database\\Console\\Seeds\\{closure}()
#8 C:\\Users\\USER\\Desktop\\LaravelTasklist\\LaravelRestAPI\\myapp\\vendor\\laravel\\framework\\src\\Illuminate\\Database\\Console\\Seeds\\SeedCommand.php(67): Illuminate\\Database\\Eloquent\\Model::unguarded(Object(Closure))
#9 C:\\Users\\USER\\Desktop\\LaravelTasklist\\LaravelRestAPI\\myapp\\vendor\\laravel\\framework\\src\\Illuminate\\Container\\BoundMethod.php(36): Illuminate\\Database\\Console\\Seeds\\SeedCommand->handle()
#10 C:\\Users\\USER\\Desktop\\LaravelTasklist\\LaravelRestAPI\\myapp\\vendor\\laravel\\framework\\src\\Illuminate\\Container\\Util.php(40): Illuminate\\Container\\BoundMethod::Illuminate\\Container\\{closure}()
#11 C:\\Users\\USER\\Desktop\\LaravelTasklist\\LaravelRestAPI\\myapp\\vendor\\laravel\\framework\\src\\Illuminate\\Container\\BoundMethod.php(93): Illuminate\\Container\\Util::unwrapIfClosure(Object(Closure))
#12 C:\\Users\\USER\\Desktop\\LaravelTasklist\\LaravelRestAPI\\myapp\\vendor\\laravel\\framework\\src\\Illuminate\\Container\\BoundMethod.php(37): Illuminate\\Container\\BoundMethod::callBoundMethod(Object(Illuminate\\Foundation\\Application), Array, Object(Closure))
#13 C:\\Users\\USER\\Desktop\\LaravelTasklist\\LaravelRestAPI\\myapp\\vendor\\laravel\\framework\\src\\Illuminate\\Container\\Container.php(653): Illuminate\\Container\\BoundMethod::call(Object(Illuminate\\Foundation\\Application), Array, Array, NULL)
#14 C:\\Users\\USER\\Desktop\\LaravelTasklist\\LaravelRestAPI\\myapp\\vendor\\laravel\\framework\\src\\Illuminate\\Console\\Command.php(136): Illuminate\\Container\\Container->call(Array)
#15 C:\\Users\\USER\\Desktop\\LaravelTasklist\\LaravelRestAPI\\myapp\\vendor\\symfony\\console\\Command\\Command.php(298): Illuminate\\Console\\Command->execute(Object(Symfony\\Component\\Console\\Input\\ArgvInput), Object(Illuminate\\Console\\OutputStyle))
#16 C:\\Users\\USER\\Desktop\\LaravelTasklist\\LaravelRestAPI\\myapp\\vendor\\laravel\\framework\\src\\Illuminate\\Console\\Command.php(121): Symfony\\Component\\Console\\Command\\Command->run(Object(Symfony\\Component\\Console\\Input\\ArgvInput), Object(Illuminate\\Console\\OutputStyle))
#17 C:\\Users\\USER\\Desktop\\LaravelTasklist\\LaravelRestAPI\\myapp\\vendor\\symfony\\console\\Application.php(1015): Illuminate\\Console\\Command->run(Object(Symfony\\Component\\Console\\Input\\ArgvInput), Object(Symfony\\Component\\Console\\Output\\ConsoleOutput))
#18 C:\\Users\\USER\\Desktop\\LaravelTasklist\\LaravelRestAPI\\myapp\\vendor\\symfony\\console\\Application.php(299): Symfony\\Component\\Console\\Application->doRunCommand(Object(Illuminate\\Database\\Console\\Seeds\\SeedCommand), Object(Symfony\\Component\\Console\\Input\\ArgvInput), Object(Symfony\\Component\\Console\\Output\\ConsoleOutput))
#19 C:\\Users\\USER\\Desktop\\LaravelTasklist\\LaravelRestAPI\\myapp\\vendor\\symfony\\console\\Application.php(171): Symfony\\Component\\Console\\Application->doRun(Object(Symfony\\Component\\Console\\Input\\ArgvInput), Object(Symfony\\Component\\Console\\Output\\ConsoleOutput))
#20 C:\\Users\\USER\\Desktop\\LaravelTasklist\\LaravelRestAPI\\myapp\\vendor\\laravel\\framework\\src\\Illuminate\\Console\\Application.php(94): Symfony\\Component\\Console\\Application->run(Object(Symfony\\Component\\Console\\Input\\ArgvInput), Object(Symfony\\Component\\Console\\Output\\ConsoleOutput))
#21 C:\\Users\\USER\\Desktop\\LaravelTasklist\\LaravelRestAPI\\myapp\\vendor\\laravel\\framework\\src\\Illuminate\\Foundation\\Console\\Kernel.php(129): Illuminate\\Console\\Application->run(Object(Symfony\\Component\\Console\\Input\\ArgvInput), Object(Symfony\\Component\\Console\\Output\\ConsoleOutput))
#22 C:\\Users\\USER\\Desktop\\LaravelTasklist\\LaravelRestAPI\\myapp\\artisan(37): Illuminate\\Foundation\\Console\\Kernel->handle(Object(Symfony\\Component\\Console\\Input\\ArgvInput), Object(Symfony\\Component\\Console\\Output\\ConsoleOutput))
#23 {main}
"} 
[2022-02-02 05:25:36] local.ERROR: Class "Database\Seeders\Article" not found {"exception":"[object] (Error(code: 0): Class \"Database\\Seeders\\Article\" not found at C:\\Users\\USER\\Desktop\\LaravelTasklist\\LaravelRestAPI\\myapp\\database\\seeders\\ArticlesTableSeeder.php:22)
[stacktrace]
#0 C:\\Users\\USER\\Desktop\\LaravelTasklist\\LaravelRestAPI\\myapp\\vendor\\laravel\\framework\\src\\Illuminate\\Container\\BoundMethod.php(36): Database\\Seeders\\ArticlesTableSeeder->run()
#1 C:\\Users\\USER\\Desktop\\LaravelTasklist\\LaravelRestAPI\\myapp\\vendor\\laravel\\framework\\src\\Illuminate\\Container\\Util.php(40): Illuminate\\Container\\BoundMethod::Illuminate\\Container\\{closure}()
#2 C:\\Users\\USER\\Desktop\\LaravelTasklist\\LaravelRestAPI\\myapp\\vendor\\laravel\\framework\\src\\Illuminate\\Container\\BoundMethod.php(93): Illuminate\\Container\\Util::unwrapIfClosure(Object(Closure))
#3 C:\\Users\\USER\\Desktop\\LaravelTasklist\\LaravelRestAPI\\myapp\\vendor\\laravel\\framework\\src\\Illuminate\\Container\\BoundMethod.php(37): Illuminate\\Container\\BoundMethod::callBoundMethod(Object(Illuminate\\Foundation\\Application), Array, Object(Closure))
#4 C:\\Users\\USER\\Desktop\\LaravelTasklist\\LaravelRestAPI\\myapp\\vendor\\laravel\\framework\\src\\Illuminate\\Container\\Container.php(653): Illuminate\\Container\\BoundMethod::call(Object(Illuminate\\Foundation\\Application), Array, Array, NULL)
#5 C:\\Users\\USER\\Desktop\\LaravelTasklist\\LaravelRestAPI\\myapp\\vendor\\laravel\\framework\\src\\Illuminate\\Database\\Seeder.php(149): Illuminate\\Container\\Container->call(Array, Array)
#6 C:\\Users\\USER\\Desktop\\LaravelTasklist\\LaravelRestAPI\\myapp\\vendor\\laravel\\framework\\src\\Illuminate\\Database\\Console\\Seeds\\SeedCommand.php(66): Illuminate\\Database\\Seeder->__invoke()
#7 C:\\Users\\USER\\Desktop\\LaravelTasklist\\LaravelRestAPI\\myapp\\vendor\\laravel\\framework\\src\\Illuminate\\Database\\Eloquent\\Concerns\\GuardsAttributes.php(157): Illuminate\\Database\\Console\\Seeds\\SeedCommand->Illuminate\\Database\\Console\\Seeds\\{closure}()
#8 C:\\Users\\USER\\Desktop\\LaravelTasklist\\LaravelRestAPI\\myapp\\vendor\\laravel\\framework\\src\\Illuminate\\Database\\Console\\Seeds\\SeedCommand.php(67): Illuminate\\Database\\Eloquent\\Model::unguarded(Object(Closure))
#9 C:\\Users\\USER\\Desktop\\LaravelTasklist\\LaravelRestAPI\\myapp\\vendor\\laravel\\framework\\src\\Illuminate\\Container\\BoundMethod.php(36): Illuminate\\Database\\Console\\Seeds\\SeedCommand->handle()
#10 C:\\Users\\USER\\Desktop\\LaravelTasklist\\LaravelRestAPI\\myapp\\vendor\\laravel\\framework\\src\\Illuminate\\Container\\Util.php(40): Illuminate\\Container\\BoundMethod::Illuminate\\Container\\{closure}()
#11 C:\\Users\\USER\\Desktop\\LaravelTasklist\\LaravelRestAPI\\myapp\\vendor\\laravel\\framework\\src\\Illuminate\\Container\\BoundMethod.php(93): Illuminate\\Container\\Util::unwrapIfClosure(Object(Closure))
#12 C:\\Users\\USER\\Desktop\\LaravelTasklist\\LaravelRestAPI\\myapp\\vendor\\laravel\\framework\\src\\Illuminate\\Container\\BoundMethod.php(37): Illuminate\\Container\\BoundMethod::callBoundMethod(Object(Illuminate\\Foundation\\Application), Array, Object(Closure))
#13 C:\\Users\\USER\\Desktop\\LaravelTasklist\\LaravelRestAPI\\myapp\\vendor\\laravel\\framework\\src\\Illuminate\\Container\\Container.php(653): Illuminate\\Container\\BoundMethod::call(Object(Illuminate\\Foundation\\Application), Array, Array, NULL)
#14 C:\\Users\\USER\\Desktop\\LaravelTasklist\\LaravelRestAPI\\myapp\\vendor\\laravel\\framework\\src\\Illuminate\\Console\\Command.php(136): Illuminate\\Container\\Container->call(Array)
#15 C:\\Users\\USER\\Desktop\\LaravelTasklist\\LaravelRestAPI\\myapp\\vendor\\symfony\\console\\Command\\Command.php(298): Illuminate\\Console\\Command->execute(Object(Symfony\\Component\\Console\\Input\\ArgvInput), Object(Illuminate\\Console\\OutputStyle))
#16 C:\\Users\\USER\\Desktop\\LaravelTasklist\\LaravelRestAPI\\myapp\\vendor\\laravel\\framework\\src\\Illuminate\\Console\\Command.php(121): Symfony\\Component\\Console\\Command\\Command->run(Object(Symfony\\Component\\Console\\Input\\ArgvInput), Object(Illuminate\\Console\\OutputStyle))
#17 C:\\Users\\USER\\Desktop\\LaravelTasklist\\LaravelRestAPI\\myapp\\vendor\\symfony\\console\\Application.php(1015): Illuminate\\Console\\Command->run(Object(Symfony\\Component\\Console\\Input\\ArgvInput), Object(Symfony\\Component\\Console\\Output\\ConsoleOutput))
#18 C:\\Users\\USER\\Desktop\\LaravelTasklist\\LaravelRestAPI\\myapp\\vendor\\symfony\\console\\Application.php(299): Symfony\\Component\\Console\\Application->doRunCommand(Object(Illuminate\\Database\\Console\\Seeds\\SeedCommand), Object(Symfony\\Component\\Console\\Input\\ArgvInput), Object(Symfony\\Component\\Console\\Output\\ConsoleOutput))
#19 C:\\Users\\USER\\Desktop\\LaravelTasklist\\LaravelRestAPI\\myapp\\vendor\\symfony\\console\\Application.php(171): Symfony\\Component\\Console\\Application->doRun(Object(Symfony\\Component\\Console\\Input\\ArgvInput), Object(Symfony\\Component\\Console\\Output\\ConsoleOutput))
#20 C:\\Users\\USER\\Desktop\\LaravelTasklist\\LaravelRestAPI\\myapp\\vendor\\laravel\\framework\\src\\Illuminate\\Console\\Application.php(94): Symfony\\Component\\Console\\Application->run(Object(Symfony\\Component\\Console\\Input\\ArgvInput), Object(Symfony\\Component\\Console\\Output\\ConsoleOutput))
#21 C:\\Users\\USER\\Desktop\\LaravelTasklist\\LaravelRestAPI\\myapp\\vendor\\laravel\\framework\\src\\Illuminate\\Foundation\\Console\\Kernel.php(129): Illuminate\\Console\\Application->run(Object(Symfony\\Component\\Console\\Input\\ArgvInput), Object(Symfony\\Component\\Console\\Output\\ConsoleOutput))
#22 C:\\Users\\USER\\Desktop\\LaravelTasklist\\LaravelRestAPI\\myapp\\artisan(37): Illuminate\\Foundation\\Console\\Kernel->handle(Object(Symfony\\Component\\Console\\Input\\ArgvInput), Object(Symfony\\Component\\Console\\Output\\ConsoleOutput))
#23 {main}
"} 
[2022-02-02 05:29:59] local.ERROR: Class "Database\Seeders\Article" not found {"exception":"[object] (Error(code: 0): Class \"Database\\Seeders\\Article\" not found at C:\\Users\\USER\\Desktop\\LaravelTasklist\\LaravelRestAPI\\myapp\\database\\seeders\\ArticlesTableSeeder.php:12)
[stacktrace]
#0 C:\\Users\\USER\\Desktop\\LaravelTasklist\\LaravelRestAPI\\myapp\\vendor\\laravel\\framework\\src\\Illuminate\\Container\\BoundMethod.php(36): Database\\Seeders\\ArticlesTableSeeder->run()
#1 C:\\Users\\USER\\Desktop\\LaravelTasklist\\LaravelRestAPI\\myapp\\vendor\\laravel\\framework\\src\\Illuminate\\Container\\Util.php(40): Illuminate\\Container\\BoundMethod::Illuminate\\Container\\{closure}()
#2 C:\\Users\\USER\\Desktop\\LaravelTasklist\\LaravelRestAPI\\myapp\\vendor\\laravel\\framework\\src\\Illuminate\\Container\\BoundMethod.php(93): Illuminate\\Container\\Util::unwrapIfClosure(Object(Closure))
#3 C:\\Users\\USER\\Desktop\\LaravelTasklist\\LaravelRestAPI\\myapp\\vendor\\laravel\\framework\\src\\Illuminate\\Container\\BoundMethod.php(37): Illuminate\\Container\\BoundMethod::callBoundMethod(Object(Illuminate\\Foundation\\Application), Array, Object(Closure))
#4 C:\\Users\\USER\\Desktop\\LaravelTasklist\\LaravelRestAPI\\myapp\\vendor\\laravel\\framework\\src\\Illuminate\\Container\\Container.php(653): Illuminate\\Container\\BoundMethod::call(Object(Illuminate\\Foundation\\Application), Array, Array, NULL)
#5 C:\\Users\\USER\\Desktop\\LaravelTasklist\\LaravelRestAPI\\myapp\\vendor\\laravel\\framework\\src\\Illuminate\\Database\\Seeder.php(149): Illuminate\\Container\\Container->call(Array, Array)
#6 C:\\Users\\USER\\Desktop\\LaravelTasklist\\LaravelRestAPI\\myapp\\vendor\\laravel\\framework\\src\\Illuminate\\Database\\Console\\Seeds\\SeedCommand.php(66): Illuminate\\Database\\Seeder->__invoke()
#7 C:\\Users\\USER\\Desktop\\LaravelTasklist\\LaravelRestAPI\\myapp\\vendor\\laravel\\framework\\src\\Illuminate\\Database\\Eloquent\\Concerns\\GuardsAttributes.php(157): Illuminate\\Database\\Console\\Seeds\\SeedCommand->Illuminate\\Database\\Console\\Seeds\\{closure}()
#8 C:\\Users\\USER\\Desktop\\LaravelTasklist\\LaravelRestAPI\\myapp\\vendor\\laravel\\framework\\src\\Illuminate\\Database\\Console\\Seeds\\SeedCommand.php(67): Illuminate\\Database\\Eloquent\\Model::unguarded(Object(Closure))
#9 C:\\Users\\USER\\Desktop\\LaravelTasklist\\LaravelRestAPI\\myapp\\vendor\\laravel\\framework\\src\\Illuminate\\Container\\BoundMethod.php(36): Illuminate\\Database\\Console\\Seeds\\SeedCommand->handle()
#10 C:\\Users\\USER\\Desktop\\LaravelTasklist\\LaravelRestAPI\\myapp\\vendor\\laravel\\framework\\src\\Illuminate\\Container\\Util.php(40): Illuminate\\Container\\BoundMethod::Illuminate\\Container\\{closure}()
#11 C:\\Users\\USER\\Desktop\\LaravelTasklist\\LaravelRestAPI\\myapp\\vendor\\laravel\\framework\\src\\Illuminate\\Container\\BoundMethod.php(93): Illuminate\\Container\\Util::unwrapIfClosure(Object(Closure))
#12 C:\\Users\\USER\\Desktop\\LaravelTasklist\\LaravelRestAPI\\myapp\\vendor\\laravel\\framework\\src\\Illuminate\\Container\\BoundMethod.php(37): Illuminate\\Container\\BoundMethod::callBoundMethod(Object(Illuminate\\Foundation\\Application), Array, Object(Closure))
#13 C:\\Users\\USER\\Desktop\\LaravelTasklist\\LaravelRestAPI\\myapp\\vendor\\laravel\\framework\\src\\Illuminate\\Container\\Container.php(653): Illuminate\\Container\\BoundMethod::call(Object(Illuminate\\Foundation\\Application), Array, Array, NULL)
#14 C:\\Users\\USER\\Desktop\\LaravelTasklist\\LaravelRestAPI\\myapp\\vendor\\laravel\\framework\\src\\Illuminate\\Console\\Command.php(136): Illuminate\\Container\\Container->call(Array)
#15 C:\\Users\\USER\\Desktop\\LaravelTasklist\\LaravelRestAPI\\myapp\\vendor\\symfony\\console\\Command\\Command.php(298): Illuminate\\Console\\Command->execute(Object(Symfony\\Component\\Console\\Input\\ArgvInput), Object(Illuminate\\Console\\OutputStyle))
#16 C:\\Users\\USER\\Desktop\\LaravelTasklist\\LaravelRestAPI\\myapp\\vendor\\laravel\\framework\\src\\Illuminate\\Console\\Command.php(121): Symfony\\Component\\Console\\Command\\Command->run(Object(Symfony\\Component\\Console\\Input\\ArgvInput), Object(Illuminate\\Console\\OutputStyle))
#17 C:\\Users\\USER\\Desktop\\LaravelTasklist\\LaravelRestAPI\\myapp\\vendor\\symfony\\console\\Application.php(1015): Illuminate\\Console\\Command->run(Object(Symfony\\Component\\Console\\Input\\ArgvInput), Object(Symfony\\Component\\Console\\Output\\ConsoleOutput))
#18 C:\\Users\\USER\\Desktop\\LaravelTasklist\\LaravelRestAPI\\myapp\\vendor\\symfony\\console\\Application.php(299): Symfony\\Component\\Console\\Application->doRunCommand(Object(Illuminate\\Database\\Console\\Seeds\\SeedCommand), Object(Symfony\\Component\\Console\\Input\\ArgvInput), Object(Symfony\\Component\\Console\\Output\\ConsoleOutput))
#19 C:\\Users\\USER\\Desktop\\LaravelTasklist\\LaravelRestAPI\\myapp\\vendor\\symfony\\console\\Application.php(171): Symfony\\Component\\Console\\Application->doRun(Object(Symfony\\Component\\Console\\Input\\ArgvInput), Object(Symfony\\Component\\Console\\Output\\ConsoleOutput))
#20 C:\\Users\\USER\\Desktop\\LaravelTasklist\\LaravelRestAPI\\myapp\\vendor\\laravel\\framework\\src\\Illuminate\\Console\\Application.php(94): Symfony\\Component\\Console\\Application->run(Object(Symfony\\Component\\Console\\Input\\ArgvInput), Object(Symfony\\Component\\Console\\Output\\ConsoleOutput))
#21 C:\\Users\\USER\\Desktop\\LaravelTasklist\\LaravelRestAPI\\myapp\\vendor\\laravel\\framework\\src\\Illuminate\\Foundation\\Console\\Kernel.php(129): Illuminate\\Console\\Application->run(Object(Symfony\\Component\\Console\\Input\\ArgvInput), Object(Symfony\\Component\\Console\\Output\\ConsoleOutput))
#22 C:\\Users\\USER\\Desktop\\LaravelTasklist\\LaravelRestAPI\\myapp\\artisan(37): Illuminate\\Foundation\\Console\\Kernel->handle(Object(Symfony\\Component\\Console\\Input\\ArgvInput), Object(Symfony\\Component\\Console\\Output\\ConsoleOutput))
#23 {main}
"} 
[2022-02-02 05:35:30] local.ERROR: Class "Database\Seeders\Article" not found {"exception":"[object] (Error(code: 0): Class \"Database\\Seeders\\Article\" not found at C:\\Users\\USER\\Desktop\\LaravelTasklist\\LaravelRestAPI\\myapp\\database\\seeders\\ArticlesTableSeeder.php:12)
[stacktrace]
#0 C:\\Users\\USER\\Desktop\\LaravelTasklist\\LaravelRestAPI\\myapp\\vendor\\laravel\\framework\\src\\Illuminate\\Container\\BoundMethod.php(36): Database\\Seeders\\ArticlesTableSeeder->run()
#1 C:\\Users\\USER\\Desktop\\LaravelTasklist\\LaravelRestAPI\\myapp\\vendor\\laravel\\framework\\src\\Illuminate\\Container\\Util.php(40): Illuminate\\Container\\BoundMethod::Illuminate\\Container\\{closure}()
#2 C:\\Users\\USER\\Desktop\\LaravelTasklist\\LaravelRestAPI\\myapp\\vendor\\laravel\\framework\\src\\Illuminate\\Container\\BoundMethod.php(93): Illuminate\\Container\\Util::unwrapIfClosure(Object(Closure))
#3 C:\\Users\\USER\\Desktop\\LaravelTasklist\\LaravelRestAPI\\myapp\\vendor\\laravel\\framework\\src\\Illuminate\\Container\\BoundMethod.php(37): Illuminate\\Container\\BoundMethod::callBoundMethod(Object(Illuminate\\Foundation\\Application), Array, Object(Closure))
#4 C:\\Users\\USER\\Desktop\\LaravelTasklist\\LaravelRestAPI\\myapp\\vendor\\laravel\\framework\\src\\Illuminate\\Container\\Container.php(653): Illuminate\\Container\\BoundMethod::call(Object(Illuminate\\Foundation\\Application), Array, Array, NULL)
#5 C:\\Users\\USER\\Desktop\\LaravelTasklist\\LaravelRestAPI\\myapp\\vendor\\laravel\\framework\\src\\Illuminate\\Database\\Seeder.php(149): Illuminate\\Container\\Container->call(Array, Array)
#6 C:\\Users\\USER\\Desktop\\LaravelTasklist\\LaravelRestAPI\\myapp\\vendor\\laravel\\framework\\src\\Illuminate\\Database\\Console\\Seeds\\SeedCommand.php(66): Illuminate\\Database\\Seeder->__invoke()
#7 C:\\Users\\USER\\Desktop\\LaravelTasklist\\LaravelRestAPI\\myapp\\vendor\\laravel\\framework\\src\\Illuminate\\Database\\Eloquent\\Concerns\\GuardsAttributes.php(157): Illuminate\\Database\\Console\\Seeds\\SeedCommand->Illuminate\\Database\\Console\\Seeds\\{closure}()
#8 C:\\Users\\USER\\Desktop\\LaravelTasklist\\LaravelRestAPI\\myapp\\vendor\\laravel\\framework\\src\\Illuminate\\Database\\Console\\Seeds\\SeedCommand.php(67): Illuminate\\Database\\Eloquent\\Model::unguarded(Object(Closure))
#9 C:\\Users\\USER\\Desktop\\LaravelTasklist\\LaravelRestAPI\\myapp\\vendor\\laravel\\framework\\src\\Illuminate\\Container\\BoundMethod.php(36): Illuminate\\Database\\Console\\Seeds\\SeedCommand->handle()
#10 C:\\Users\\USER\\Desktop\\LaravelTasklist\\LaravelRestAPI\\myapp\\vendor\\laravel\\framework\\src\\Illuminate\\Container\\Util.php(40): Illuminate\\Container\\BoundMethod::Illuminate\\Container\\{closure}()
#11 C:\\Users\\USER\\Desktop\\LaravelTasklist\\LaravelRestAPI\\myapp\\vendor\\laravel\\framework\\src\\Illuminate\\Container\\BoundMethod.php(93): Illuminate\\Container\\Util::unwrapIfClosure(Object(Closure))
#12 C:\\Users\\USER\\Desktop\\LaravelTasklist\\LaravelRestAPI\\myapp\\vendor\\laravel\\framework\\src\\Illuminate\\Container\\BoundMethod.php(37): Illuminate\\Container\\BoundMethod::callBoundMethod(Object(Illuminate\\Foundation\\Application), Array, Object(Closure))
#13 C:\\Users\\USER\\Desktop\\LaravelTasklist\\LaravelRestAPI\\myapp\\vendor\\laravel\\framework\\src\\Illuminate\\Container\\Container.php(653): Illuminate\\Container\\BoundMethod::call(Object(Illuminate\\Foundation\\Application), Array, Array, NULL)
#14 C:\\Users\\USER\\Desktop\\LaravelTasklist\\LaravelRestAPI\\myapp\\vendor\\laravel\\framework\\src\\Illuminate\\Console\\Command.php(136): Illuminate\\Container\\Container->call(Array)
#15 C:\\Users\\USER\\Desktop\\LaravelTasklist\\LaravelRestAPI\\myapp\\vendor\\symfony\\console\\Command\\Command.php(298): Illuminate\\Console\\Command->execute(Object(Symfony\\Component\\Console\\Input\\ArgvInput), Object(Illuminate\\Console\\OutputStyle))
#16 C:\\Users\\USER\\Desktop\\LaravelTasklist\\LaravelRestAPI\\myapp\\vendor\\laravel\\framework\\src\\Illuminate\\Console\\Command.php(121): Symfony\\Component\\Console\\Command\\Command->run(Object(Symfony\\Component\\Console\\Input\\ArgvInput), Object(Illuminate\\Console\\OutputStyle))
#17 C:\\Users\\USER\\Desktop\\LaravelTasklist\\LaravelRestAPI\\myapp\\vendor\\symfony\\console\\Application.php(1015): Illuminate\\Console\\Command->run(Object(Symfony\\Component\\Console\\Input\\ArgvInput), Object(Symfony\\Component\\Console\\Output\\ConsoleOutput))
#18 C:\\Users\\USER\\Desktop\\LaravelTasklist\\LaravelRestAPI\\myapp\\vendor\\symfony\\console\\Application.php(299): Symfony\\Component\\Console\\Application->doRunCommand(Object(Illuminate\\Database\\Console\\Seeds\\SeedCommand), Object(Symfony\\Component\\Console\\Input\\ArgvInput), Object(Symfony\\Component\\Console\\Output\\ConsoleOutput))
#19 C:\\Users\\USER\\Desktop\\LaravelTasklist\\LaravelRestAPI\\myapp\\vendor\\symfony\\console\\Application.php(171): Symfony\\Component\\Console\\Application->doRun(Object(Symfony\\Component\\Console\\Input\\ArgvInput), Object(Symfony\\Component\\Console\\Output\\ConsoleOutput))
#20 C:\\Users\\USER\\Desktop\\LaravelTasklist\\LaravelRestAPI\\myapp\\vendor\\laravel\\framework\\src\\Illuminate\\Console\\Application.php(94): Symfony\\Component\\Console\\Application->run(Object(Symfony\\Component\\Console\\Input\\ArgvInput), Object(Symfony\\Component\\Console\\Output\\ConsoleOutput))
#21 C:\\Users\\USER\\Desktop\\LaravelTasklist\\LaravelRestAPI\\myapp\\vendor\\laravel\\framework\\src\\Illuminate\\Foundation\\Console\\Kernel.php(129): Illuminate\\Console\\Application->run(Object(Symfony\\Component\\Console\\Input\\ArgvInput), Object(Symfony\\Component\\Console\\Output\\ConsoleOutput))
#22 C:\\Users\\USER\\Desktop\\LaravelTasklist\\LaravelRestAPI\\myapp\\artisan(37): Illuminate\\Foundation\\Console\\Kernel->handle(Object(Symfony\\Component\\Console\\Input\\ArgvInput), Object(Symfony\\Component\\Console\\Output\\ConsoleOutput))
#23 {main}
"} 
